<?xml version="1.0" encoding="UTF-8"?>
<!-- Generated by org.testng.reporters.JUnitReportReporter -->
<testsuite hostname="DESKTOP-5FH183N" failures="0" tests="1" name="Test_NG.Testing_Annotations" time="0.015" errors="0" timestamp="2023-01-07T11:03:04 IST" skipped="0">
  <testcase classname="Test_NG.Testing_Annotations" name="verifyText" time="0.015"/>
  <system-out>
    <![CDATA[Running actual test case]]>
  </system-out>
</testsuite> <!-- Test_NG.Testing_Annotations -->
