<?xml version="1.0" encoding="UTF-8"?>
<!-- Generated by org.testng.reporters.JUnitReportReporter -->
<testsuite hostname="DESKTOP-5FH183N" failures="0" tests="2" name="Test_NG.Timeouts" time="0.025" errors="0" timestamp="2023-01-07T14:21:25 IST" skipped="0">
  <testcase classname="Test_NG.Timeouts" name="tc2" time="0.008"/>
  <system-out>
    <![CDATA[how r you?]]>
  </system-out>
  <testcase classname="Test_NG.Timeouts" name="tc1" time="0.017"/>
  <system-out>
    <![CDATA[helloooooooooo]]>
  </system-out>
</testsuite> <!-- Test_NG.Timeouts -->
