<?xml version="1.0" encoding="UTF-8"?>
<!-- Generated by org.testng.reporters.JUnitReportReporter -->
<testsuite hostname="DESKTOP-5FH183N" failures="0" tests="2" name="Test_NG.Enabled" time="0.016" errors="0" timestamp="2023-01-07T14:27:35 IST" skipped="1">
  <testcase classname="Test_NG.Enabled" name="TC1" time="0.016"/>
  <system-out>
    <![CDATA[TC1 my first program in testng]]>
  </system-out>
  <testcase classname="Test_NG.Enabled" name="TC2">
    <skipped/>
  </testcase> <!-- TC2 -->
  <system-out/>
</testsuite> <!-- Test_NG.Enabled -->
