<?xml version="1.0" encoding="UTF-8"?>
<!-- Generated by org.testng.reporters.JUnitReportReporter -->
<testsuite hostname="DESKTOP-5FH183N" failures="0" tests="1" name="Test_NG.Test01" time="14.536" errors="0" timestamp="2022-12-27T22:25:44 IST" skipped="0">
  <testcase classname="Test_NG.Test01" name="TC" time="14.536"/>
  <system-out>
    <![CDATA[hi testng how r u?]]>
  </system-out>
</testsuite> <!-- Test_NG.Test01 -->
