<?xml version="1.0" encoding="UTF-8"?>
<!-- Generated by org.testng.reporters.JUnitReportReporter -->
<testsuite hostname="DESKTOP-5FH183N" failures="0" tests="4" name="Test_NG.Priority01" time="0.026" errors="0" timestamp="2023-01-07T13:26:11 IST" skipped="0">
  <testcase classname="Test_NG.Priority01" name="prabhas" time="0.016"/>
  <system-out>
    <![CDATA[running prabhas]]>
  </system-out>
  <testcase classname="Test_NG.Priority01" name="eshwar" time="0.003"/>
  <system-out>
    <![CDATA[running eshwar]]>
  </system-out>
  <testcase classname="Test_NG.Priority01" name="dhanush" time="0.004"/>
  <system-out>
    <![CDATA[running dhanush]]>
  </system-out>
  <testcase classname="Test_NG.Priority01" name="alluarjun" time="0.003"/>
  <system-out>
    <![CDATA[running alluarjun]]>
  </system-out>
</testsuite> <!-- Test_NG.Priority01 -->
