<?xml version="1.0" encoding="UTF-8"?>
<!-- Generated by org.testng.reporters.JUnitReportReporter -->
<testsuite hostname="DESKTOP-5FH183N" failures="0" tests="3" name="Test_NG.Sample" time="0.023" errors="0" timestamp="2023-01-07T15:51:31 IST" skipped="0">
  <testcase classname="Test_NG.Sample" name="TC1" time="0.019"/>
  <system-out>
    <![CDATA[running TC1]]>
  </system-out>
  <testcase classname="Test_NG.Sample" name="TC3" time="0.002"/>
  <system-out>
    <![CDATA[running TC3]]>
  </system-out>
  <testcase classname="Test_NG.Sample" name="TC2" time="0.002"/>
  <system-out>
    <![CDATA[running TC2]]>
  </system-out>
</testsuite> <!-- Test_NG.Sample -->
