<?xml version="1.0" encoding="UTF-8"?>
<!-- Generated by org.testng.reporters.JUnitReportReporter -->
<testsuite hostname="DESKTOP-5FH183N" failures="0" tests="1" name="Test_NG.Parallel03" time="74.834" errors="0" timestamp="2023-01-07T21:55:50 IST" skipped="0">
  <testcase classname="Test_NG.Parallel03" name="TC3" time="74.834"/>
  <system-out/>
</testsuite> <!-- Test_NG.Parallel03 -->
