<?xml version="1.0" encoding="UTF-8"?>
<!-- Generated by org.testng.reporters.JUnitReportReporter -->
<testsuite hostname="DESKTOP-5FH183N" failures="0" tests="5" name="Test_NG.Test06" time="0.025" errors="0" timestamp="2022-12-28T18:20:04 IST" skipped="0">
  <testcase classname="Test_NG.Test06" name="tc5" time="0.003"/>
  <system-out>
    <![CDATA[5th tc is pass]]>
  </system-out>
  <testcase classname="Test_NG.Test06" name="tc4" time="0.002"/>
  <system-out>
    <![CDATA[4th tc is pass]]>
  </system-out>
  <testcase classname="Test_NG.Test06" name="tc2" time="0.002"/>
  <system-out>
    <![CDATA[2nd tc is pass]]>
  </system-out>
  <testcase classname="Test_NG.Test06" name="tc1" time="0.016"/>
  <system-out>
    <![CDATA[1st tc is pass]]>
  </system-out>
  <testcase classname="Test_NG.Test06" name="tc3" time="0.002"/>
  <system-out>
    <![CDATA[3rd tc is pass]]>
  </system-out>
</testsuite> <!-- Test_NG.Test06 -->
