<?xml version="1.0" encoding="UTF-8"?>
<!-- Generated by org.testng.reporters.JUnitReportReporter -->
<testsuite hostname="DESKTOP-5FH183N" failures="0" tests="3" name="Test_NG.Sample01" time="0.006" errors="0" timestamp="2023-01-07T15:51:31 IST" skipped="0">
  <testcase classname="Test_NG.Sample01" name="TC6" time="0.002"/>
  <system-out>
    <![CDATA[running TC6]]>
  </system-out>
  <testcase classname="Test_NG.Sample01" name="TC4" time="0.002"/>
  <system-out>
    <![CDATA[running TC4]]>
  </system-out>
  <testcase classname="Test_NG.Sample01" name="TC5" time="0.002"/>
  <system-out>
    <![CDATA[running TC5]]>
  </system-out>
</testsuite> <!-- Test_NG.Sample01 -->
