<?xml version="1.0" encoding="UTF-8"?>
<!-- Generated by org.testng.reporters.JUnitReportReporter -->
<testsuite hostname="DESKTOP-5FH183N" failures="0" tests="1" name="Test_NG.Test07" time="27.621" errors="0" timestamp="2023-01-06T20:43:28 IST" skipped="0">
  <testcase classname="Test_NG.Test07" name="TC1" time="27.621"/>
  <system-out>
    <![CDATA[Hi testng how r u?]]>
  </system-out>
</testsuite> <!-- Test_NG.Test07 -->
