<?xml version="1.0" encoding="UTF-8"?>
<!-- Generated by org.testng.reporters.JUnitReportReporter -->
<testsuite hostname="DESKTOP-5FH183N" failures="0" tests="1" name="Test_NG.Parallel02" time="72.697" errors="0" timestamp="2023-01-07T21:55:50 IST" skipped="0">
  <testcase classname="Test_NG.Parallel02" name="TC2" time="72.697"/>
  <system-out/>
</testsuite> <!-- Test_NG.Parallel02 -->
