<?xml version="1.0" encoding="UTF-8"?>
<!-- Generated by org.testng.reporters.JUnitReportReporter -->
<testsuite hostname="DESKTOP-5FH183N" failures="0" tests="2" name="Test_NG.Dependsonmethod" time="0.026" errors="0" timestamp="2023-01-07T13:58:28 IST" skipped="0">
  <testcase classname="Test_NG.Dependsonmethod" name="login" time="0.023"/>
  <system-out>
    <![CDATA[running login]]>
  </system-out>
  <testcase classname="Test_NG.Dependsonmethod" name="logout" time="0.003"/>
  <system-out>
    <![CDATA[running logout]]>
  </system-out>
</testsuite> <!-- Test_NG.Dependsonmethod -->
