<?xml version="1.0" encoding="UTF-8"?>
<!-- Generated by org.testng.reporters.JUnitReportReporter -->
<testsuite hostname="DESKTOP-5FH183N" failures="0" tests="8" name="Test_NG.Invocation" time="0.035" errors="0" timestamp="2023-01-07T11:07:38 IST" skipped="0">
  <testcase classname="Test_NG.Invocation" name="TC1" time="0.003"/>
  <system-out>
    <![CDATA[Running TC1]]>
  </system-out>
  <testcase classname="Test_NG.Invocation" name="TC1" time="0.002"/>
  <system-out>
    <![CDATA[Running TC1]]>
  </system-out>
  <testcase classname="Test_NG.Invocation" name="TC1" time="0.002"/>
  <system-out>
    <![CDATA[Running TC1]]>
  </system-out>
  <testcase classname="Test_NG.Invocation" name="TC1" time="0.003"/>
  <system-out>
    <![CDATA[Running TC1]]>
  </system-out>
  <testcase classname="Test_NG.Invocation" name="TC1" time="0.002"/>
  <system-out>
    <![CDATA[Running TC1]]>
  </system-out>
  <testcase classname="Test_NG.Invocation" name="TC1" time="0.002"/>
  <system-out>
    <![CDATA[Running TC1]]>
  </system-out>
  <testcase classname="Test_NG.Invocation" name="TC1" time="0.005"/>
  <system-out>
    <![CDATA[Running TC1]]>
  </system-out>
  <testcase classname="Test_NG.Invocation" name="TC1" time="0.016"/>
  <system-out>
    <![CDATA[Running TC1]]>
  </system-out>
</testsuite> <!-- Test_NG.Invocation -->
