<?xml version="1.0" encoding="UTF-8"?>
<!-- Generated by org.testng.reporters.JUnitReportReporter -->
<testsuite hostname="DESKTOP-5FH183N" failures="0" tests="3" name="Test_NG.Priority" time="0.047" errors="0" timestamp="2023-01-07T10:49:34 IST" skipped="0">
  <testcase classname="Test_NG.Priority" name="TC2" time="0.035"/>
  <system-out>
    <![CDATA[running TC2]]>
  </system-out>
  <testcase classname="Test_NG.Priority" name="TC3" time="0.010"/>
  <system-out>
    <![CDATA[running TC3]]>
  </system-out>
  <testcase classname="Test_NG.Priority" name="TC1" time="0.002"/>
  <system-out>
    <![CDATA[running TC1]]>
  </system-out>
</testsuite> <!-- Test_NG.Priority -->
