<?xml version="1.0" encoding="UTF-8"?>
<!-- Generated by org.testng.reporters.JUnitReportReporter -->
<testsuite hostname="DESKTOP-5FH183N" failures="0" tests="3" name="Test_NG.Sample02" time="0.008" errors="0" timestamp="2023-01-07T15:51:31 IST" skipped="0">
  <testcase classname="Test_NG.Sample02" name="TC8" time="0.003"/>
  <system-out>
    <![CDATA[running TC8]]>
  </system-out>
  <testcase classname="Test_NG.Sample02" name="TC9" time="0.003"/>
  <system-out>
    <![CDATA[running TC9]]>
  </system-out>
  <testcase classname="Test_NG.Sample02" name="TC7" time="0.002"/>
  <system-out>
    <![CDATA[running TC7]]>
  </system-out>
</testsuite> <!-- Test_NG.Sample02 -->
