<?xml version="1.0" encoding="UTF-8"?>
<!-- Generated by org.testng.reporters.JUnitReportReporter -->
<testsuite hostname="DESKTOP-5FH183N" failures="0" tests="2" name="Test_NG.Test04" time="127.524" errors="0" timestamp="2022-12-28T17:48:13 IST" skipped="0">
  <testcase classname="Test_NG.Test04" name="TC1" time="61.871"/>
  <system-out>
    <![CDATA[testng pass the report of open url & maximize]]>
  </system-out>
  <testcase classname="Test_NG.Test04" name="TC2" time="65.653"/>
  <system-out>
    <![CDATA[this tc is pass]]>
  </system-out>
</testsuite> <!-- Test_NG.Test04 -->
