<?xml version="1.0" encoding="UTF-8"?>
<!-- Generated by org.testng.reporters.JUnitReportReporter -->
<testsuite hostname="DESKTOP-5FH183N" failures="0" tests="1" name="Test_NG.Test03" time="11.340" errors="0" timestamp="2022-12-28T17:58:34 IST" skipped="0">
  <testcase classname="Test_NG.Test03" name="TC1" time="11.340"/>
  <system-out>
    <![CDATA[thank you testng TC1 is pass]]>
  </system-out>
</testsuite> <!-- Test_NG.Test03 -->
